  Arthabituales.cpp
  Articulos.cpp
  Bazar.cpp
  Cables.cpp
  Cerrajero.cpp
C:\Users\zavid\source\repos\tplp1\Model\Vendedor.h(7,35): error C2504: 'Empleados': clase base sin definir
C:\Users\zavid\source\repos\tplp1\Model\Vendedor.h(13,14): error C2061: error de sintaxis: identificador 'Cliente'
  Cliente.cpp
C:\Users\zavid\source\repos\tplp1\Model\Cliente.cpp(5,1): error C2512: 'Articulos': no hay disponible un constructor predeterminado adecuado
C:\Users\zavid\source\repos\tplp1\Model\Articulos.h(8,7): message : vea la declaración de 'Articulos'
  Despachante.cpp
C:\Users\zavid\source\repos\tplp1\Model\Vendedor.h(7,35): error C2504: 'Empleados': clase base sin definir
C:\Users\zavid\source\repos\tplp1\Model\Vendedor.h(13,14): error C2061: error de sintaxis: identificador 'Cliente'
  Electricidad.cpp
  Empleados.cpp
C:\Users\zavid\source\repos\tplp1\Model\Vendedor.h(7,35): error C2504: 'Empleados': clase base sin definir
C:\Users\zavid\source\repos\tplp1\Model\Vendedor.h(13,14): error C2061: error de sintaxis: identificador 'Cliente'
  Ferreteria.cpp
  Iluminacion.cpp
  Plomero.cpp
C:\Users\zavid\source\repos\tplp1\Model\Vendedor.h(7,35): error C2504: 'Empleados': clase base sin definir
C:\Users\zavid\source\repos\tplp1\Model\Vendedor.h(13,14): error C2061: error de sintaxis: identificador 'Cliente'
  Vendedor.cpp
  main.cpp
C:\Users\zavid\source\repos\tplp1\Projecto tp2\Projecto tp2\main.cpp(17,49): warning C4305: 'argumento': truncamiento de 'double' a 'float'
C:\Users\zavid\source\repos\tplp1\Projecto tp2\Projecto tp2\main.cpp(18,49): warning C4305: 'argumento': truncamiento de 'double' a 'float'
C:\Users\zavid\source\repos\tplp1\Projecto tp2\Projecto tp2\main.cpp(19,71): warning C4305: 'argumento': truncamiento de 'double' a 'float'
C:\Users\zavid\source\repos\tplp1\Projecto tp2\Projecto tp2\main.cpp(21,49): warning C4305: 'argumento': truncamiento de 'double' a 'float'
C:\Users\zavid\source\repos\tplp1\Projecto tp2\Projecto tp2\main.cpp(22,52): warning C4305: 'argumento': truncamiento de 'double' a 'float'
C:\Users\zavid\source\repos\tplp1\Projecto tp2\Projecto tp2\main.cpp(23,66): warning C4305: 'argumento': truncamiento de 'double' a 'float'
C:\Users\zavid\source\repos\tplp1\Projecto tp2\Projecto tp2\main.cpp(25,50): warning C4305: 'argumento': truncamiento de 'double' a 'float'
  Generando código...
C:\Users\zavid\source\repos\tplp1\Model\Vendedor.cpp(38): warning C4715: 'Vendedor::Descuento': no todas las rutas de acceso de control devuelven un valor
